#
# A fatal error has been detected by the Java Runtime Environment:
#
#  EXCEPTION_ACCESS_VIOLATION (0xc0000005) at pc=0x201c6073, pid=4376, tid=1736
#
# JRE version: 6.0_25-b06
# Java VM: Java HotSpot(TM) Client VM (20.0-b11 mixed mode windows-x86 )
# Problematic frame:
# C  0x201c6073
#
# If you would like to submit a bug report, please visit:
#   http://java.sun.com/webapps/bugreport/crash.jsp
# The crash happened outside the Java Virtual Machine in native code.
# See problematic frame for where to report the bug.
#

---------------  T H R E A D  ---------------

Current thread (0x01e68800):  JavaThread "Finalizer" daemon [_thread_in_native, id=1736, stack(0x02340000,0x02390000)]

siginfo: ExceptionCode=0xc0000005, reading address 0x201c6073

Registers:
EAX=0x18d3b830, EBX=0x00000000, ECX=0x05a3e720, EDX=0x01e68928
ESP=0x0238f92c, EBP=0x0238f958, ESI=0x0238f948, EDI=0x01e68800
EIP=0x201c6073, EFLAGS=0x00010246

Top of Stack: (sp=0x0238f92c)
0x0238f92c:   025c332b 01e68928 0238f948 18d3b830
0x0238f93c:   00000000 01e69820 01e6d854 149d1330
0x0238f94c:   01e6d854 00000008 0238f944 0238f9ac
0x0238f95c:   025c4c44 18d3b830 00000000 ffffffff
0x0238f96c:   0238f984 05a3e720 01e67164 0238f9ac
0x0238f97c:   02410364 ffffffff 0238f9c0 6d8ee27e
0x0238f98c:   02410364 05a3e720 0238f9bc 6d8ea5de
0x0238f99c:   00001f80 024102ff 01e68800 149cf1a0 

Instructions: (pc=0x201c6073)
0x201c6053:   
[error occurred during error reporting (printing registers, top of stack, instructions near pc), id 0xc0000005]

Register to memory mapping:

EAX=0x18d3b830 is an unknown value
EBX=0x00000000 is an unknown value
ECX=0x05a3e720 is an oop
com.sun.jna.Structure$AutoAllocated 
 - klass: 'com/sun/jna/Structure$AutoAllocated'
EDX=0x01e68928 is an unknown value
ESP=0x0238f92c is pointing into the stack for thread: 0x01e68800
EBP=0x0238f958 is pointing into the stack for thread: 0x01e68800
ESI=0x0238f948 is pointing into the stack for thread: 0x01e68800
EDI=0x01e68800 is a thread


Stack: [0x02340000,0x02390000],  sp=0x0238f92c,  free space=318k
Native frames: (J=compiled Java code, j=interpreted, Vv=VM code, C=native code)
C  0x201c6073
J  com.sun.jna.Memory.finalize()V
V  [jvm.dll+0xfad0b]
V  [jvm.dll+0x18c241]
V  [jvm.dll+0xfad8d]
V  [jvm.dll+0x959c1]
V  [jvm.dll+0x98789]
C  [java.dll+0x2100]  Java_java_lang_ref_Finalizer_invokeFinalizeMethod+0x39
J  java.lang.ref.Finalizer.runFinalizer()V
V  [jvm.dll+0xfad0b]
V  [jvm.dll+0x18c241]
V  [jvm.dll+0xfaeb1]
V  [jvm.dll+0xfaf0b]
V  [jvm.dll+0xb5549]
V  [jvm.dll+0x118f44]
V  [jvm.dll+0x140a8c]
C  [msvcr71.dll+0x9565]  endthreadex+0xa0
C  [kernel32.dll+0x1338a]  BaseThreadInitThunk+0x12
C  [ntdll.dll+0x39f72]  RtlInitializeExceptionChain+0x63
C  [ntdll.dll+0x39f45]  RtlInitializeExceptionChain+0x36

Java frames: (J=compiled Java code, j=interpreted, Vv=VM code)
J  com.sun.jna.Memory.free(J)V
J  com.sun.jna.Memory.finalize()V
v  ~StubRoutines::call_stub
J  java.lang.ref.Finalizer.invokeFinalizeMethod(Ljava/lang/Object;)V
J  java.lang.ref.Finalizer.runFinalizer()V
J  java.lang.ref.Finalizer$FinalizerThread.run()V
v  ~StubRoutines::call_stub

---------------  P R O C E S S  ---------------

Java Threads: ( => current thread )
  0x02409000 JavaThread "DestroyJavaVM" [_thread_blocked, id=2956, stack(0x001e0000,0x00230000)]
  0x1888c800 JavaThread "AWT-EventQueue-0" [_thread_blocked, id=4008, stack(0x21640000,0x21690000)]
  0x1888ac00 JavaThread "AWT-Shutdown" [_thread_blocked, id=2492, stack(0x215b0000,0x21600000)]
  0x1880ac00 JavaThread "Thread-4" daemon [_thread_blocked, id=4876, stack(0x1d0e0000,0x1d130000)]
  0x187de800 JavaThread "Java2D Disposer" daemon [_thread_blocked, id=2204, stack(0x18e40000,0x18e90000)]
  0x18714800 JavaThread "Thread-1" daemon [_thread_blocked, id=2060, stack(0x188e0000,0x18930000)]
  0x01e7e800 JavaThread "Low Memory Detector" daemon [_thread_blocked, id=2408, stack(0x185c0000,0x18610000)]
  0x01e79400 JavaThread "C1 CompilerThread0" daemon [_thread_blocked, id=4928, stack(0x18530000,0x18580000)]
  0x01e76400 JavaThread "Attach Listener" daemon [_thread_blocked, id=4168, stack(0x184a0000,0x184f0000)]
  0x01e75400 JavaThread "Signal Dispatcher" daemon [_thread_blocked, id=4316, stack(0x18410000,0x18460000)]
=>0x01e68800 JavaThread "Finalizer" daemon [_thread_in_native, id=1736, stack(0x02340000,0x02390000)]
  0x01e67000 JavaThread "Reference Handler" daemon [_thread_blocked, id=4500, stack(0x022f0000,0x02340000)]

Other Threads:
  0x01e63000 VMThread [stack: 0x01ed0000,0x01f20000] [id=988]
  0x01e80000 WatcherThread [stack: 0x18650000,0x186a0000] [id=4648]

VM state:not at safepoint (normal execution)

VM Mutex/Monitor currently owned by a thread: None

Heap
 def new generation   total 25344K, used 2721K [0x04410000, 0x05f80000, 0x09960000)
  eden space 22592K,   0% used [0x04410000, 0x044468d0, 0x05a20000)
  from space 2752K,  90% used [0x05a20000, 0x05c91ca8, 0x05cd0000)
  to   space 2752K,   0% used [0x05cd0000, 0x05cd0000, 0x05f80000)
 tenured generation   total 56088K, used 43340K [0x09960000, 0x0d026000, 0x14410000)
   the space 56088K,  77% used [0x09960000, 0x0c3b3190, 0x0c3b3200, 0x0d026000)
 compacting perm gen  total 12288K, used 9536K [0x14410000, 0x15010000, 0x18410000)
   the space 12288K,  77% used [0x14410000, 0x14d60268, 0x14d60400, 0x15010000)
No shared spaces configured.

Code Cache  [0x02410000, 0x026c8000, 0x04410000)
 total_blobs=1295 nmethods=1093 adapters=137 free_code_cache=30710336 largest_free_block=0

Dynamic libraries:
0x00400000 - 0x00424000 	C:\Program Files (x86)\Java\jre6\bin\javaw.exe
0x76eb0000 - 0x77030000 	C:\Windows\SysWOW64\ntdll.dll
0x752e0000 - 0x753f0000 	C:\Windows\syswow64\kernel32.dll
0x74ec0000 - 0x74f07000 	C:\Windows\syswow64\KERNELBASE.dll
0x748e0000 - 0x74980000 	C:\Windows\syswow64\ADVAPI32.dll
0x74510000 - 0x745bc000 	C:\Windows\syswow64\msvcrt.dll
0x76610000 - 0x76629000 	C:\Windows\SysWOW64\sechost.dll
0x74a70000 - 0x74b60000 	C:\Windows\syswow64\RPCRT4.dll
0x74430000 - 0x74490000 	C:\Windows\syswow64\SspiCli.dll
0x74420000 - 0x7442c000 	C:\Windows\syswow64\CRYPTBASE.dll
0x75030000 - 0x75130000 	C:\Windows\syswow64\USER32.dll
0x74e30000 - 0x74ec0000 	C:\Windows\syswow64\GDI32.dll
0x763f0000 - 0x763fa000 	C:\Windows\syswow64\LPK.dll
0x74b90000 - 0x74c2d000 	C:\Windows\syswow64\USP10.dll
0x74cf0000 - 0x74d50000 	C:\Windows\system32\IMM32.DLL
0x74980000 - 0x74a4c000 	C:\Windows\syswow64\MSCTF.dll
0x7c340000 - 0x7c396000 	C:\Program Files (x86)\Java\jre6\bin\msvcr71.dll
0x6d7f0000 - 0x6da9f000 	C:\Program Files (x86)\Java\jre6\bin\client\jvm.dll
0x74df0000 - 0x74e22000 	C:\Windows\syswow64\WINMM.dll
0x71ac0000 - 0x71b0c000 	C:\Windows\system32\apphelp.dll
0x6d7a0000 - 0x6d7ac000 	C:\Program Files (x86)\Java\jre6\bin\verify.dll
0x6d320000 - 0x6d33f000 	C:\Program Files (x86)\Java\jre6\bin\java.dll
0x74b60000 - 0x74b65000 	C:\Windows\syswow64\PSAPI.DLL
0x6d7e0000 - 0x6d7ef000 	C:\Program Files (x86)\Java\jre6\bin\zip.dll
0x71880000 - 0x71896000 	C:\Windows\system32\CRYPTSP.dll
0x71840000 - 0x7187b000 	C:\Windows\system32\rsaenh.dll
0x74d50000 - 0x74d67000 	C:\Windows\syswow64\USERENV.dll
0x74600000 - 0x7460b000 	C:\Windows\syswow64\profapi.dll
0x6d600000 - 0x6d613000 	C:\Program Files (x86)\Java\jre6\bin\net.dll
0x75540000 - 0x75575000 	C:\Windows\syswow64\WS2_32.dll
0x75130000 - 0x75136000 	C:\Windows\syswow64\NSI.dll
0x72730000 - 0x7276c000 	C:\Windows\system32\mswsock.dll
0x72710000 - 0x72716000 	C:\Windows\System32\wship6.dll
0x727e0000 - 0x727f0000 	C:\Windows\system32\NLAapi.dll
0x727c0000 - 0x727d0000 	C:\Windows\system32\napinsp.dll
0x727a0000 - 0x727b2000 	C:\Windows\system32\pnrpnsp.dll
0x72770000 - 0x72797000 	C:\Program Files (x86)\Common Files\Microsoft Shared\Windows Live\WLIDNSP.DLL
0x74c30000 - 0x74c87000 	C:\Windows\syswow64\SHLWAPI.dll
0x73f90000 - 0x73fd4000 	C:\Windows\system32\DNSAPI.dll
0x72720000 - 0x72728000 	C:\Windows\System32\winrnr.dll
0x72700000 - 0x72705000 	C:\Windows\System32\wshtcpip.dll
0x74160000 - 0x7417c000 	C:\Windows\system32\IPHLPAPI.DLL
0x74150000 - 0x74157000 	C:\Windows\system32\WINNSI.DLL
0x712c0000 - 0x712c6000 	C:\Windows\system32\rasadhlp.dll
0x71670000 - 0x716a8000 	C:\Windows\System32\fwpuclnt.dll
0x6d000000 - 0x6d14b000 	C:\Program Files (x86)\Java\jre6\bin\awt.dll
0x71730000 - 0x71781000 	C:\Windows\system32\WINSPOOL.DRV
0x74770000 - 0x748cc000 	C:\Windows\syswow64\ole32.dll
0x72930000 - 0x72ace000 	C:\Windows\WinSxS\x86_microsoft.windows.common-controls_6595b64144ccf1df_6.0.7601.17514_none_41e6975e2bd6f2b2\COMCTL32.dll
0x74b70000 - 0x74b83000 	C:\Windows\syswow64\DWMAPI.DLL
0x72530000 - 0x725b0000 	C:\Windows\system32\uxtheme.dll
0x191b0000 - 0x1953d000 	C:\Windows\system32\SOGOUPY.IME
0x72510000 - 0x72515000 	C:\Windows\system32\MSIMG32.dll
0x71a80000 - 0x71abc000 	C:\Windows\system32\OLEACC.dll
0x725b0000 - 0x725d1000 	C:\Windows\system32\ntmarta.dll
0x756b0000 - 0x756f5000 	C:\Windows\syswow64\WLDAP32.dll
0x74350000 - 0x74359000 	C:\Windows\system32\VERSION.dll
0x757a0000 - 0x763ea000 	C:\Windows\syswow64\SHELL32.dll
0x71a50000 - 0x71a73000 	D:\SogouInput\Components\SgAppender\1.0.0.207\SgAppender_Dll.dll
0x6d230000 - 0x6d27f000 	C:\Program Files (x86)\Java\jre6\bin\fontmanager.dll
0x71a10000 - 0x71a44000 	D:\SogouInput\Components\SGImeGuard\1.0.0.26\SGImeGuard.dll
0x71910000 - 0x71a07000 	D:\SogouInput\Components\PicFace\1.0.0.1042\PicFace.dll
0x753f0000 - 0x7547f000 	C:\Windows\syswow64\OLEAUT32.dll
0x71eb0000 - 0x71f59000 	C:\Windows\system32\aticfx32.dll
0x716e0000 - 0x716eb000 	C:\Windows\system32\atiu9pag.dll
0x718c0000 - 0x71905000 	D:\SogouInput\Components\AddressSearch\2.0.1.1338\AddressSearch.dll
0x6dc90000 - 0x6e0af000 	C:\Windows\system32\atiumdag.dll
0x6e160000 - 0x6e4c7000 	C:\Windows\system32\atiumdva.dll
0x756a0000 - 0x756ac000 	C:\Windows\syswow64\MSASN1.dll
0x745d0000 - 0x745fb000 	C:\Windows\syswow64\imagehlp.dll
0x71800000 - 0x71838000 	C:\Windows\system32\ncrypt.dll
0x717e0000 - 0x717f7000 	C:\Windows\system32\bcrypt.dll
0x717a0000 - 0x717dd000 	C:\Windows\SysWOW64\bcryptprimitives.dll
0x71290000 - 0x712a6000 	C:\Windows\system32\GPAPI.dll
0x70f10000 - 0x70f1f000 	D:\SogouInput\Components\AddressSearch\OmniAddr\ASIF.dll
0x6d620000 - 0x6d629000 	C:\Program Files (x86)\Java\jre6\bin\nio.dll

VM Arguments:
java_command: C:\Users\user\Desktop\erin的设计院\桌宠\真琴\橘真琴\Shimeji.jar
Launcher Type: SUN_STANDARD

Environment Variables:
PATH=C:\Program Files\Common Files\Microsoft Shared\Windows Live;C:\Program Files (x86)\Common Files\Microsoft Shared\Windows Live;C:\Windows\system32;C:\Windows;C:\Windows\System32\Wbem;C:\Windows\System32\WindowsPowerShell\v1.0\;C:\Program Files (x86)\ATI Technologies\ATI.ACE\Core-Static;C:\Program Files\Common Files\Autodesk Shared\;C:\Program Files (x86)\Autodesk\Backburner\;C:\Program Files (x86)\Windows Live\Shared;C:\Program Files (x86)\Java\jre6\bin
USERNAME=user
OS=Windows_NT
PROCESSOR_IDENTIFIER=AMD64 Family 18 Model 1 Stepping 0, AuthenticAMD



---------------  S Y S T E M  ---------------

OS: Windows 7 Build 7601 Service Pack 1

CPU:total 4 (4 cores per cpu, 1 threads per core) family 18 model 1 stepping 0, cmov, cx8, fxsr, mmx, sse, sse2, sse3, popcnt, mmxext, 3dnow, 3dnowext, lzcnt, sse4a

Memory: 4k page, physical 5741432k(3950808k free), swap 11481000k(9389292k free)

vm_info: Java HotSpot(TM) Client VM (20.0-b11) for windows-x86 JRE (1.6.0_25-b06), built on Apr 14 2011 01:04:32 by "java_re" with MS VC++ 7.1 (VS2003)

time: Fri Jul 11 22:09:59 2014
elapsed time: 466 seconds

