#
# A fatal error has been detected by the Java Runtime Environment:
#
#  EXCEPTION_ACCESS_VIOLATION (0xc0000005) at pc=0x20536059, pid=2164, tid=2668
#
# JRE version: 6.0_25-b06
# Java VM: Java HotSpot(TM) Client VM (20.0-b11 mixed mode windows-x86 )
# Problematic frame:
# C  0x20536059
#
# If you would like to submit a bug report, please visit:
#   http://java.sun.com/webapps/bugreport/crash.jsp
# The crash happened outside the Java Virtual Machine in native code.
# See problematic frame for where to report the bug.
#

---------------  T H R E A D  ---------------

Current thread (0x186f5800):  JavaThread "Thread-7" [_thread_in_native, id=2668, stack(0x21a00000,0x21a50000)]

siginfo: ExceptionCode=0xc0000005, reading address 0x20536059

Registers:
EAX=0x00000010, EBX=0x00000000, ECX=0x0529e4d0, EDX=0x186f5928
ESP=0x21a4f8bc, EBP=0x21a4f8e8, ESI=0x21a4f8d8, EDI=0x186f5800
EIP=0x20536059, EFLAGS=0x00010246

Top of Stack: (sp=0x21a4f8bc)
0x21a4f8bc:   02468deb 186f5928 21a4f8d8 00000010
0x21a4f8cc:   00000000 21a4f8e8 21a4f8e8 14881330
0x21a4f8dc:   00000000 0529e4d0 0529e4d0 21a4fbcc
0x21a4f8ec:   0246b1dc 00000010 00000000 21a4f908
0x21a4f8fc:   6d7f2bc0 186f5800 21a4f934 6d7f2b66
0x21a4f90c:   186f5800 14876e78 186f5800 0529e4d0
0x21a4f91c:   21a4f910 186f5928 21a4fc78 6d9f9ac0
0x21a4f92c:   6d9fc6e0 ffffffff 21a4f944 21a4fbcc 

Instructions: (pc=0x20536059)
0x20536039:   
[error occurred during error reporting (printing registers, top of stack, instructions near pc), id 0xc0000005]

Register to memory mapping:

EAX=0x00000010 is an unknown value
EBX=0x00000000 is an unknown value
ECX=
[error occurred during error reporting (printing register info), id 0xc0000005]

Stack: [0x21a00000,0x21a50000],  sp=0x21a4f8bc,  free space=318k
Native frames: (J=compiled Java code, j=interpreted, Vv=VM code, C=native code)
